app/build/intermediates/manifest_merge_blame_file/debug/manifest-merger-blame-debug-report.txt
1<?xml version="1.0" encoding="utf-8"?>
2<manifest xmlns:android="http://schemas.android.com/apk/res/android"
3    package="com.nsromapa.saytoonz.frenzapp"
4    android:versionCode="5"
5    android:versionName="1.0.5" >
6
7    <uses-sdk
8        android:minSdkVersion="21"
8-->src\main\AndroidManifest.xml
9        android:targetSdkVersion="28" />
9-->src\main\AndroidManifest.xml
10    <!--
11         The ACCESS_COARSE/FINE_LOCATION permissions are not required to use
12         Google Maps Android API v2, but you must specify either coarse or fine
13         location permissions for the 'MyLocation' functionality.
14    -->
15    <uses-permission android:name="android.permission.ACCESS_FINE_LOCATION" />
15-->src\main\AndroidManifest.xml:10:5-79
15-->src\main\AndroidManifest.xml:10:22-76
16    <uses-permission android:name="android.permission.READ_CONTACTS" />
16-->src\main\AndroidManifest.xml:11:5-72
16-->src\main\AndroidManifest.xml:11:22-69
17    <uses-permission android:name="android.permission.READ_EXTERNAL_STORAGE" />
17-->src\main\AndroidManifest.xml:12:5-80
17-->src\main\AndroidManifest.xml:12:22-77
18    <uses-permission android:name="android.permission.WRITE_EXTERNAL_STORAGE" />
18-->src\main\AndroidManifest.xml:13:5-81
18-->src\main\AndroidManifest.xml:13:22-78
19    <uses-permission android:name="android.permission.INTERNET" />
19-->src\main\AndroidManifest.xml:14:5-67
19-->src\main\AndroidManifest.xml:14:22-64
20    <uses-permission android:name="android.permission.ACCESS_COARSE_LOCATION" />
20-->src\main\AndroidManifest.xml:15:5-81
20-->src\main\AndroidManifest.xml:15:22-78
21    <uses-permission android:name="android.permission.VIBRATE" />
21-->src\main\AndroidManifest.xml:16:5-66
21-->src\main\AndroidManifest.xml:16:22-63
22    <uses-permission android:name="android.permission.CALL_PHONE" />
22-->src\main\AndroidManifest.xml:17:5-69
22-->src\main\AndroidManifest.xml:17:22-66
23
24    <!-- XXX ACCESS_NETWORK_STATE is required by WebRTC. -->
25    <uses-permission android:name="android.permission.ACCESS_NETWORK_STATE" />
25-->[org.jitsi.react:jitsi-meet-sdk:2.2.2] AndroidManifest.xml:9:5-79
25-->[org.jitsi.react:jitsi-meet-sdk:2.2.2] AndroidManifest.xml:9:22-76
26    <uses-permission android:name="android.permission.BLUETOOTH" />
26-->[org.jitsi.react:jitsi-meet-sdk:2.2.2] AndroidManifest.xml:10:5-68
26-->[org.jitsi.react:jitsi-meet-sdk:2.2.2] AndroidManifest.xml:10:22-65
27    <uses-permission android:name="android.permission.CAMERA" />
27-->[org.jitsi.react:jitsi-meet-sdk:2.2.2] AndroidManifest.xml:11:5-65
27-->[org.jitsi.react:jitsi-meet-sdk:2.2.2] AndroidManifest.xml:11:22-62
28    <uses-permission android:name="android.permission.MANAGE_OWN_CALLS" />
28-->[org.jitsi.react:jitsi-meet-sdk:2.2.2] AndroidManifest.xml:13:5-75
28-->[org.jitsi.react:jitsi-meet-sdk:2.2.2] AndroidManifest.xml:13:22-72
29    <uses-permission android:name="android.permission.MODIFY_AUDIO_SETTINGS" />
29-->[org.jitsi.react:jitsi-meet-sdk:2.2.2] AndroidManifest.xml:14:5-80
29-->[org.jitsi.react:jitsi-meet-sdk:2.2.2] AndroidManifest.xml:14:22-77
30    <uses-permission android:name="android.permission.RECORD_AUDIO" />
30-->[org.jitsi.react:jitsi-meet-sdk:2.2.2] AndroidManifest.xml:15:5-71
30-->[org.jitsi.react:jitsi-meet-sdk:2.2.2] AndroidManifest.xml:15:22-68
31    <uses-permission android:name="android.permission.SYSTEM_ALERT_WINDOW" />
31-->[org.jitsi.react:jitsi-meet-sdk:2.2.2] AndroidManifest.xml:16:5-78
31-->[org.jitsi.react:jitsi-meet-sdk:2.2.2] AndroidManifest.xml:16:22-75
32    <uses-permission android:name="android.permission.WAKE_LOCK" />
32-->[org.jitsi.react:jitsi-meet-sdk:2.2.2] AndroidManifest.xml:17:5-68
32-->[org.jitsi.react:jitsi-meet-sdk:2.2.2] AndroidManifest.xml:17:22-65
33    <uses-permission android:name="android.permission.ACCESS_WIFI_STATE" />
33-->[org.jitsi.react:jitsi-meet-sdk:2.2.2] AndroidManifest.xml:18:5-76
33-->[org.jitsi.react:jitsi-meet-sdk:2.2.2] AndroidManifest.xml:18:22-73
34    <uses-permission android:name="android.permission.FOREGROUND_SERVICE" />
34-->[org.jitsi.react:jitsi-meet-sdk:2.2.2] AndroidManifest.xml:19:5-77
34-->[org.jitsi.react:jitsi-meet-sdk:2.2.2] AndroidManifest.xml:19:22-74
35
36    <uses-feature
36-->[org.jitsi.react:jitsi-meet-sdk:2.2.2] AndroidManifest.xml:21:5-23:35
37        android:glEsVersion="0x00020000"
37-->[org.jitsi.react:jitsi-meet-sdk:2.2.2] AndroidManifest.xml:22:9-41
38        android:required="true" />
38-->[org.jitsi.react:jitsi-meet-sdk:2.2.2] AndroidManifest.xml:23:9-32
39    <uses-feature
39-->[org.jitsi.react:jitsi-meet-sdk:2.2.2] AndroidManifest.xml:24:5-26:36
40        android:name="android.hardware.camera"
40-->[org.jitsi.react:jitsi-meet-sdk:2.2.2] AndroidManifest.xml:25:9-47
41        android:required="false" />
41-->[org.jitsi.react:jitsi-meet-sdk:2.2.2] AndroidManifest.xml:26:9-33
42    <uses-feature
42-->[org.jitsi.react:jitsi-meet-sdk:2.2.2] AndroidManifest.xml:27:5-29:36
43        android:name="android.hardware.camera.autofocus"
43-->[org.jitsi.react:jitsi-meet-sdk:2.2.2] AndroidManifest.xml:28:9-57
44        android:required="false" />
44-->[org.jitsi.react:jitsi-meet-sdk:2.2.2] AndroidManifest.xml:29:9-33
45
46    <uses-permission android:name="android.permission.WRITE_CALENDAR" />
46-->[com.facebook.react:react-native-calendar-events:1.6.4-jitsi-1696176] AndroidManifest.xml:11:5-73
46-->[com.facebook.react:react-native-calendar-events:1.6.4-jitsi-1696176] AndroidManifest.xml:11:22-70
47    <uses-permission android:name="android.permission.READ_CALENDAR" /> <!-- Required by older versions of Google Play services to create IID tokens -->
47-->[com.facebook.react:react-native-calendar-events:1.6.4-jitsi-1696176] AndroidManifest.xml:12:5-72
47-->[com.facebook.react:react-native-calendar-events:1.6.4-jitsi-1696176] AndroidManifest.xml:12:22-69
48    <uses-permission android:name="com.google.android.c2dm.permission.RECEIVE" />
48-->[com.google.firebase:firebase-iid:20.0.0] AndroidManifest.xml:26:5-82
48-->[com.google.firebase:firebase-iid:20.0.0] AndroidManifest.xml:26:22-79
49    <uses-permission android:name="com.google.android.finsky.permission.BIND_GET_INSTALL_REFERRER_SERVICE" />
49-->[com.google.android.gms:play-services-measurement:17.1.0] AndroidManifest.xml:26:5-110
49-->[com.google.android.gms:play-services-measurement:17.1.0] AndroidManifest.xml:26:22-107
50
51    <application
51-->src\main\AndroidManifest.xml:19:5-186:19
52        android:allowBackup="true"
52-->[com.vincent.filepicker:MultiTypeFilePicker:1.0.8] AndroidManifest.xml:15:9-35
53        android:appComponentFactory="androidx.core.app.CoreComponentFactory"
53-->[androidx.core:core:1.0.1] AndroidManifest.xml:22:18-86
54        android:debuggable="true"
55        android:icon="@mipmap/ic_launcher"
55-->src\main\AndroidManifest.xml:20:13-47
56        android:label="@string/app_name"
56-->src\main\AndroidManifest.xml:21:13-45
57        android:roundIcon="@mipmap/ic_launcher"
57-->src\main\AndroidManifest.xml:22:13-52
58        android:supportsRtl="true"
58-->src\main\AndroidManifest.xml:23:13-39
59        android:testOnly="true"
60        android:theme="@style/AppTheme" >
60-->src\main\AndroidManifest.xml:24:13-44
61        <activity
61-->src\main\AndroidManifest.xml:26:9-33:38
62            android:name="com.nsromapa.frenzapp.saytalk.jitsi_sdk.JitsiMeetActivity"
62-->src\main\AndroidManifest.xml:27:17-68
63            android:configChanges="keyboard|keyboardHidden|orientation|screenLayout|screenSize|smallestScreenSize"
63-->src\main\AndroidManifest.xml:28:17-119
64            android:launchMode="singleTask"
64-->src\main\AndroidManifest.xml:29:17-48
65            android:resizeableActivity="true"
65-->src\main\AndroidManifest.xml:30:17-50
66            android:supportsPictureInPicture="true"
66-->src\main\AndroidManifest.xml:31:17-56
67            android:windowSoftInputMode="adjustResize" />
67-->src\main\AndroidManifest.xml:32:17-59
68        <activity android:name="com.nsromapa.frenzapp.saytalk.activities.CreateGroupActivity" />
68-->src\main\AndroidManifest.xml:34:9-76
68-->src\main\AndroidManifest.xml:34:19-73
69        <activity android:name="com.nsromapa.frenzapp.saytalk.activities.CreateChannelActivity" />
69-->src\main\AndroidManifest.xml:35:9-78
69-->src\main\AndroidManifest.xml:35:19-75
70        <activity android:name="com.nsromapa.frenzapp.saytalk.activities.IncomingCallActivity" />
70-->src\main\AndroidManifest.xml:36:9-77
70-->src\main\AndroidManifest.xml:36:19-74
71        <activity android:name="com.nsromapa.frenzapp.saytalk.activities.OutgoingCallActivity" />
71-->src\main\AndroidManifest.xml:37:9-77
71-->src\main\AndroidManifest.xml:37:19-74
72        <activity android:name="com.theartofdev.edmodo.cropper.CropImageActivity" />
72-->src\main\AndroidManifest.xml:39:9-85
72-->src\main\AndroidManifest.xml:39:19-82
73        <activity
73-->src\main\AndroidManifest.xml:41:9-49:20
74            android:name="com.nsromapa.frenzapp.saytalk.activities.SplashActivity"
74-->src\main\AndroidManifest.xml:42:17-66
75            android:theme="@style/AppTheme.NoActionBar" >
75-->src\main\AndroidManifest.xml:43:17-60
76            <intent-filter>
76-->src\main\AndroidManifest.xml:44:13-48:29
77                <action android:name="android.intent.action.MAIN" />
77-->src\main\AndroidManifest.xml:45:17-69
77-->src\main\AndroidManifest.xml:45:25-66
78
79                <category android:name="android.intent.category.LAUNCHER" />
79-->src\main\AndroidManifest.xml:47:17-77
79-->src\main\AndroidManifest.xml:47:27-74
80            </intent-filter>
81        </activity>
82        <activity android:name="com.nsromapa.frenzapp.saytalk.activities.SettingsActivity" />
82-->src\main\AndroidManifest.xml:50:9-72
82-->src\main\AndroidManifest.xml:50:19-70
83        <activity android:name="com.nsromapa.frenzapp.saytalk.activities.BlockListActivity" />
83-->src\main\AndroidManifest.xml:51:9-73
83-->src\main\AndroidManifest.xml:51:19-71
84        <activity
84-->src\main\AndroidManifest.xml:52:9-81:20
85            android:name="com.nsromapa.frenzapp.saytalk.activities.ForwardActivity"
85-->src\main\AndroidManifest.xml:53:17-67
86            android:launchMode="singleTop"
86-->src\main\AndroidManifest.xml:54:17-47
87            android:theme="@style/AppTheme.NoActionBar" >
87-->src\main\AndroidManifest.xml:55:17-60
88            <intent-filter>
88-->src\main\AndroidManifest.xml:56:13-62:29
89                <action android:name="android.intent.action.SEND" />
89-->src\main\AndroidManifest.xml:57:17-69
89-->src\main\AndroidManifest.xml:57:25-66
90
91                <category android:name="android.intent.category.DEFAULT" />
91-->src\main\AndroidManifest.xml:59:17-76
91-->src\main\AndroidManifest.xml:59:27-73
92
93                <data android:mimeType="text/plain" />
93-->src\main\AndroidManifest.xml:61:17-55
93-->src\main\AndroidManifest.xml:61:23-52
94            </intent-filter>
95            <intent-filter>
95-->src\main\AndroidManifest.xml:63:13-69:29
96                <action android:name="android.intent.action.SEND" />
96-->src\main\AndroidManifest.xml:57:17-69
96-->src\main\AndroidManifest.xml:57:25-66
97
98                <category android:name="android.intent.category.DEFAULT" />
98-->src\main\AndroidManifest.xml:59:17-76
98-->src\main\AndroidManifest.xml:59:27-73
99
100                <data android:mimeType="image/*" />
100-->src\main\AndroidManifest.xml:61:17-55
100-->src\main\AndroidManifest.xml:61:23-52
101            </intent-filter>
102            <intent-filter>
102-->src\main\AndroidManifest.xml:70:13-76:29
103                <action android:name="android.intent.action.SEND" />
103-->src\main\AndroidManifest.xml:57:17-69
103-->src\main\AndroidManifest.xml:57:25-66
104
105                <category android:name="android.intent.category.DEFAULT" />
105-->src\main\AndroidManifest.xml:59:17-76
105-->src\main\AndroidManifest.xml:59:27-73
106
107                <data android:mimeType="video/*" />
107-->src\main\AndroidManifest.xml:61:17-55
107-->src\main\AndroidManifest.xml:61:23-52
108            </intent-filter>
109
110            <meta-data
110-->src\main\AndroidManifest.xml:78:13-80:66
111                android:name="android.service.chooser.chooser_target_service"
111-->src\main\AndroidManifest.xml:79:21-82
112                android:value=".ShareIntentChooserService" />
112-->src\main\AndroidManifest.xml:80:21-63
113        </activity>
114        <activity
114-->src\main\AndroidManifest.xml:82:9-85:74
115            android:name="com.nsromapa.frenzapp.saytalk.activities.UserProfileActivity"
115-->src\main\AndroidManifest.xml:83:17-71
116            android:label="@string/title_activity_user_profile"
116-->src\main\AndroidManifest.xml:84:17-68
117            android:theme="@style/AppTheme.NoActionBar.Translucent" />
117-->src\main\AndroidManifest.xml:85:17-72
118        <!--
119             The API key for Google Maps-based APIs is defined as a string resource.
120             (See the file "res/values/google_maps_api.xml").
121             Note that the API key is linked to the encryption key used to sign the APK.
122             You need a different API key for each encryption key, including the release key that is used to
123             sign the APK for publishing.
124             You can define the keys for the debug and release targets in src/debug/ and src/release/.
125        -->
126        <meta-data
126-->src\main\AndroidManifest.xml:94:9-96:59
127            android:name="com.google.android.geo.API_KEY"
127-->src\main\AndroidManifest.xml:95:17-62
128            android:value="@string/google_maps_key" />
128-->src\main\AndroidManifest.xml:96:17-56
129
130        <activity
130-->src\main\AndroidManifest.xml:98:9-101:62
131            android:name="com.nsromapa.frenzapp.saytalk.activities.MapsActivity"
131-->src\main\AndroidManifest.xml:99:17-64
132            android:label="@string/title_activity_maps"
132-->src\main\AndroidManifest.xml:100:17-60
133            android:theme="@style/AppTheme.NoActionBar" />
133-->src\main\AndroidManifest.xml:101:17-60
134        <activity
134-->src\main\AndroidManifest.xml:102:9-108:20
135            android:name="com.nsromapa.frenzapp.saytalk.activities.HomeActivity"
135-->src\main\AndroidManifest.xml:103:17-64
136            android:label="@string/app_name"
136-->src\main\AndroidManifest.xml:104:17-49
137            android:launchMode="singleTop"
137-->src\main\AndroidManifest.xml:105:17-47
138            android:theme="@style/AppTheme.NoActionBar" >
138-->src\main\AndroidManifest.xml:106:17-60
139        </activity>
140        <activity
140-->src\main\AndroidManifest.xml:109:9-111:62
141            android:name="com.nsromapa.frenzapp.saytalk.activities.MessageActivity"
141-->src\main\AndroidManifest.xml:110:17-67
142            android:theme="@style/AppTheme.NoActionBar" />
142-->src\main\AndroidManifest.xml:111:17-60
143        <activity
143-->src\main\AndroidManifest.xml:112:9-115:58
144            android:name="com.nsromapa.frenzapp.saytalk.activities.MobileLoginActivity"
144-->src\main\AndroidManifest.xml:113:17-71
145            android:theme="@style/AppTheme.NoActionBar"
145-->src\main\AndroidManifest.xml:114:17-60
146            android:windowSoftInputMode="adjustPan" />
146-->src\main\AndroidManifest.xml:115:17-56
147        <activity android:name="com.nsromapa.frenzapp.saytalk.activities.ContactsActivity" />
147-->src\main\AndroidManifest.xml:117:9-72
147-->src\main\AndroidManifest.xml:117:19-70
148
149        <!-- Provider for the library -->
150        <provider
150-->src\main\AndroidManifest.xml:120:9-130:20
151            android:name="androidx.core.content.FileProvider"
151-->src\main\AndroidManifest.xml:121:17-66
152            android:authorities="com.mvc.imagepicker.provider"
152-->src\main\AndroidManifest.xml:122:17-67
153            android:exported="false"
153-->src\main\AndroidManifest.xml:123:17-41
154            android:grantUriPermissions="true" >
154-->src\main\AndroidManifest.xml:124:17-51
155            <meta-data
155-->src\main\AndroidManifest.xml:126:13-129:56
156                android:name="android.support.FILE_PROVIDER_PATHS"
156-->src\main\AndroidManifest.xml:127:21-71
157                android:resource="@xml/provider_paths" />
157-->src\main\AndroidManifest.xml:128:21-59
158        </provider>
159
160        <activity
160-->src\main\AndroidManifest.xml:132:9-134:62
161            android:name="com.nsromapa.frenzapp.saytalk.activities.UploadPreviewActivity"
161-->src\main\AndroidManifest.xml:133:17-73
162            android:theme="@style/AppTheme.NoActionBar" />
162-->src\main\AndroidManifest.xml:134:17-60
163        <activity android:name="com.nsromapa.frenzapp.saytalk.activities.EditProfile" />
163-->src\main\AndroidManifest.xml:136:9-67
163-->src\main\AndroidManifest.xml:136:19-65
164        <activity
164-->src\main\AndroidManifest.xml:138:9-140:62
165            android:name="com.nsromapa.frenzapp.saytalk.activities.ImagePreviewActivity"
165-->src\main\AndroidManifest.xml:139:17-72
166            android:theme="@style/AppTheme.NoActionBar" />
166-->src\main\AndroidManifest.xml:140:17-60
167        <activity
167-->src\main\AndroidManifest.xml:142:9-144:63
168            android:name="com.nsromapa.frenzapp.saytalk.activities.AboutTheDeveloperActivity"
168-->src\main\AndroidManifest.xml:143:17-77
169            android:theme="@style/AppTheme.NoActionBar" />
169-->src\main\AndroidManifest.xml:144:17-60
170        <activity android:name="com.nsromapa.frenzapp.saytalk.activities.MultiContactChooserActivity" />
170-->src\main\AndroidManifest.xml:146:9-84
170-->src\main\AndroidManifest.xml:146:19-81
171        <activity android:name="com.nsromapa.frenzapp.saytalk.activities.FeedbackActivity" />
171-->src\main\AndroidManifest.xml:148:9-73
171-->src\main\AndroidManifest.xml:148:19-70
172
173        <service android:name="com.nsromapa.frenzapp.saytalk.firebase.MessagingService" >
173-->src\main\AndroidManifest.xml:150:9-154:19
173-->src\main\AndroidManifest.xml:150:18-67
174            <intent-filter>
174-->src\main\AndroidManifest.xml:151:13-153:29
175                <action android:name="com.google.firebase.MESSAGING_EVENT" />
175-->src\main\AndroidManifest.xml:152:17-78
175-->src\main\AndroidManifest.xml:152:25-75
176            </intent-filter>
177        </service>
178        <!--
179 Set custom default icon. This is used when no icon is set for incoming notification messages.
180     See README(https://goo.gl/l4GJaQ) for more.
181        -->
182        <meta-data
182-->src\main\AndroidManifest.xml:159:9-161:58
183            android:name="com.google.firebase.messaging.default_notification_icon"
183-->src\main\AndroidManifest.xml:160:17-87
184            android:resource="@mipmap/ic_launcher" />
184-->src\main\AndroidManifest.xml:161:17-55
185        <!--
186 Set color used with incoming notification messages. This is used when no color is set for the incoming
187             notification message. See README(https://goo.gl/6BKBk7) for more.
188        -->
189        <meta-data
189-->src\main\AndroidManifest.xml:166:9-168:57
190            android:name="com.google.firebase.messaging.default_notification_color"
190-->src\main\AndroidManifest.xml:167:17-88
191            android:resource="@color/colorAccent" />
191-->src\main\AndroidManifest.xml:168:17-54
192
193        <service
193-->src\main\AndroidManifest.xml:170:9-177:19
194            android:name="com.nsromapa.frenzapp.saytalk.utils.ShareIntentChooserService"
194-->src\main\AndroidManifest.xml:171:17-72
195            android:label="@string/app_name"
195-->src\main\AndroidManifest.xml:172:17-49
196            android:permission="android.permission.BIND_CHOOSER_TARGET_SERVICE" >
196-->src\main\AndroidManifest.xml:173:17-84
197            <intent-filter>
197-->src\main\AndroidManifest.xml:174:13-176:29
198                <action android:name="android.service.chooser.ChooserTargetService" />
198-->src\main\AndroidManifest.xml:175:17-87
198-->src\main\AndroidManifest.xml:175:25-84
199            </intent-filter>
200        </service>
201
202        <receiver android:name="com.nsromapa.frenzapp.saytalk.broadcast_services.PhoneStateBroadcastReciever" >
202-->src\main\AndroidManifest.xml:180:9-184:20
202-->src\main\AndroidManifest.xml:180:19-89
203            <intent-filter>
203-->src\main\AndroidManifest.xml:181:13-183:29
204                <action android:name="android.intent.action.PHONE_STATE" />
204-->src\main\AndroidManifest.xml:182:17-76
204-->src\main\AndroidManifest.xml:182:25-73
205            </intent-filter>
206        </receiver>
207
208        <activity
208-->[com.vincent.filepicker:MultiTypeFilePicker:1.0.8] AndroidManifest.xml:17:9-20:57
209            android:name="com.vincent.filepicker.activity.ImagePickActivity"
209-->[com.vincent.filepicker:MultiTypeFilePicker:1.0.8] AndroidManifest.xml:18:13-77
210            android:screenOrientation="portrait"
210-->[com.vincent.filepicker:MultiTypeFilePicker:1.0.8] AndroidManifest.xml:19:13-49
211            android:theme="@style/vw_FilePickerTheme" />
211-->[com.vincent.filepicker:MultiTypeFilePicker:1.0.8] AndroidManifest.xml:20:13-54
212        <activity
212-->[com.vincent.filepicker:MultiTypeFilePicker:1.0.8] AndroidManifest.xml:21:9-25:57
213            android:name="com.vincent.filepicker.activity.ImageBrowserActivity"
213-->[com.vincent.filepicker:MultiTypeFilePicker:1.0.8] AndroidManifest.xml:22:13-80
214            android:hardwareAccelerated="false"
214-->[com.vincent.filepicker:MultiTypeFilePicker:1.0.8] AndroidManifest.xml:23:13-48
215            android:screenOrientation="portrait"
215-->[com.vincent.filepicker:MultiTypeFilePicker:1.0.8] AndroidManifest.xml:24:13-49
216            android:theme="@style/vw_FilePickerTheme" />
216-->[com.vincent.filepicker:MultiTypeFilePicker:1.0.8] AndroidManifest.xml:25:13-54
217        <activity
217-->[com.vincent.filepicker:MultiTypeFilePicker:1.0.8] AndroidManifest.xml:26:9-29:57
218            android:name="com.vincent.filepicker.activity.VideoPickActivity"
218-->[com.vincent.filepicker:MultiTypeFilePicker:1.0.8] AndroidManifest.xml:27:13-77
219            android:screenOrientation="portrait"
219-->[com.vincent.filepicker:MultiTypeFilePicker:1.0.8] AndroidManifest.xml:28:13-49
220            android:theme="@style/vw_FilePickerTheme" />
220-->[com.vincent.filepicker:MultiTypeFilePicker:1.0.8] AndroidManifest.xml:29:13-54
221        <activity
221-->[com.vincent.filepicker:MultiTypeFilePicker:1.0.8] AndroidManifest.xml:30:9-33:57
222            android:name="com.vincent.filepicker.activity.AudioPickActivity"
222-->[com.vincent.filepicker:MultiTypeFilePicker:1.0.8] AndroidManifest.xml:31:13-77
223            android:screenOrientation="portrait"
223-->[com.vincent.filepicker:MultiTypeFilePicker:1.0.8] AndroidManifest.xml:32:13-49
224            android:theme="@style/vw_FilePickerTheme" />
224-->[com.vincent.filepicker:MultiTypeFilePicker:1.0.8] AndroidManifest.xml:33:13-54
225        <activity
225-->[com.vincent.filepicker:MultiTypeFilePicker:1.0.8] AndroidManifest.xml:34:9-37:57
226            android:name="com.vincent.filepicker.activity.NormalFilePickActivity"
226-->[com.vincent.filepicker:MultiTypeFilePicker:1.0.8] AndroidManifest.xml:35:13-82
227            android:screenOrientation="portrait"
227-->[com.vincent.filepicker:MultiTypeFilePicker:1.0.8] AndroidManifest.xml:36:13-49
228            android:theme="@style/vw_FilePickerTheme" />
228-->[com.vincent.filepicker:MultiTypeFilePicker:1.0.8] AndroidManifest.xml:37:13-54
229        <activity
229-->[org.jitsi.react:jitsi-meet-sdk:2.2.2] AndroidManifest.xml:35:9-42:20
230            android:name="org.jitsi.meet.sdk.JitsiMeetActivity"
230-->[org.jitsi.react:jitsi-meet-sdk:2.2.2] AndroidManifest.xml:36:13-64
231            android:configChanges="keyboard|keyboardHidden|orientation|screenLayout|screenSize|smallestScreenSize"
231-->[org.jitsi.react:jitsi-meet-sdk:2.2.2] AndroidManifest.xml:37:13-115
232            android:launchMode="singleTask"
232-->[org.jitsi.react:jitsi-meet-sdk:2.2.2] AndroidManifest.xml:38:13-44
233            android:resizeableActivity="true"
233-->[org.jitsi.react:jitsi-meet-sdk:2.2.2] AndroidManifest.xml:39:13-46
234            android:supportsPictureInPicture="true"
234-->[org.jitsi.react:jitsi-meet-sdk:2.2.2] AndroidManifest.xml:40:13-52
235            android:windowSoftInputMode="adjustResize" >
235-->[org.jitsi.react:jitsi-meet-sdk:2.2.2] AndroidManifest.xml:41:13-55
236        </activity>
237        <activity android:name="com.facebook.react.devsupport.DevSettingsActivity" />
237-->[org.jitsi.react:jitsi-meet-sdk:2.2.2] AndroidManifest.xml:43:9-86
237-->[org.jitsi.react:jitsi-meet-sdk:2.2.2] AndroidManifest.xml:43:19-83
238
239        <service
239-->[org.jitsi.react:jitsi-meet-sdk:2.2.2] AndroidManifest.xml:45:9-51:19
240            android:name="org.jitsi.meet.sdk.ConnectionService"
240-->[org.jitsi.react:jitsi-meet-sdk:2.2.2] AndroidManifest.xml:46:13-64
241            android:permission="android.permission.BIND_TELECOM_CONNECTION_SERVICE" >
241-->[org.jitsi.react:jitsi-meet-sdk:2.2.2] AndroidManifest.xml:47:13-84
242            <intent-filter>
242-->[org.jitsi.react:jitsi-meet-sdk:2.2.2] AndroidManifest.xml:48:13-50:29
243                <action android:name="android.telecom.ConnectionService" />
243-->[org.jitsi.react:jitsi-meet-sdk:2.2.2] AndroidManifest.xml:49:17-76
243-->[org.jitsi.react:jitsi-meet-sdk:2.2.2] AndroidManifest.xml:49:25-73
244            </intent-filter>
245        </service>
246        <service android:name="org.jitsi.meet.sdk.JitsiMeetOngoingConferenceService" />
246-->[org.jitsi.react:jitsi-meet-sdk:2.2.2] AndroidManifest.xml:52:9-88
246-->[org.jitsi.react:jitsi-meet-sdk:2.2.2] AndroidManifest.xml:52:18-85
247
248        <activity
248-->[pub.devrel:easypermissions:0.3.0] AndroidManifest.xml:12:9-16:66
249            android:name="pub.devrel.easypermissions.AppSettingsDialogHolderActivity"
249-->[pub.devrel:easypermissions:0.3.0] AndroidManifest.xml:13:13-86
250            android:exported="false"
250-->[pub.devrel:easypermissions:0.3.0] AndroidManifest.xml:14:13-37
251            android:label=""
251-->[pub.devrel:easypermissions:0.3.0] AndroidManifest.xml:15:13-29
252            android:theme="@style/EasyPermissions.Transparent" />
252-->[pub.devrel:easypermissions:0.3.0] AndroidManifest.xml:16:13-63
253
254        <provider
254-->[com.facebook.react:react-native-webview:5.8.1-jitsi-1696176] AndroidManifest.xml:12:9-20:20
255            android:name="com.reactnativecommunity.webview.RNCWebViewFileProvider"
255-->[com.facebook.react:react-native-webview:5.8.1-jitsi-1696176] AndroidManifest.xml:13:13-83
256            android:authorities="com.nsromapa.saytoonz.frenzapp.fileprovider"
256-->[com.facebook.react:react-native-webview:5.8.1-jitsi-1696176] AndroidManifest.xml:14:13-64
257            android:exported="false"
257-->[com.facebook.react:react-native-webview:5.8.1-jitsi-1696176] AndroidManifest.xml:15:13-37
258            android:grantUriPermissions="true" >
258-->[com.facebook.react:react-native-webview:5.8.1-jitsi-1696176] AndroidManifest.xml:16:13-47
259            <meta-data
259-->src\main\AndroidManifest.xml:126:13-129:56
260                android:name="android.support.FILE_PROVIDER_PATHS"
260-->src\main\AndroidManifest.xml:127:21-71
261                android:resource="@xml/file_provider_paths" />
261-->src\main\AndroidManifest.xml:128:21-59
262        </provider>
263        <!--
264             FirebaseMessagingService performs security checks at runtime,
265             but set to not exported to explicitly avoid allowing another app to call it.
266        -->
267        <service
267-->[com.google.firebase:firebase-messaging:20.0.0] AndroidManifest.xml:28:9-34:19
268            android:name="com.google.firebase.messaging.FirebaseMessagingService"
268-->[com.google.firebase:firebase-messaging:20.0.0] AndroidManifest.xml:29:13-82
269            android:exported="false" >
269-->[com.google.firebase:firebase-messaging:20.0.0] AndroidManifest.xml:30:13-37
270            <intent-filter android:priority="-500" >
270-->src\main\AndroidManifest.xml:151:13-153:29
271                <action android:name="com.google.firebase.MESSAGING_EVENT" />
271-->src\main\AndroidManifest.xml:152:17-78
271-->src\main\AndroidManifest.xml:152:25-75
272            </intent-filter>
273        </service>
274
275        <activity
275-->[com.google.firebase:firebase-auth:19.0.0] AndroidManifest.xml:24:9-31:50
276            android:name="com.google.firebase.auth.internal.FederatedSignInActivity"
276-->[com.google.firebase:firebase-auth:19.0.0] AndroidManifest.xml:25:13-85
277            android:excludeFromRecents="true"
277-->[com.google.firebase:firebase-auth:19.0.0] AndroidManifest.xml:26:13-46
278            android:exported="true"
278-->[com.google.firebase:firebase-auth:19.0.0] AndroidManifest.xml:27:13-36
279            android:launchMode="singleTask"
279-->[com.google.firebase:firebase-auth:19.0.0] AndroidManifest.xml:28:13-44
280            android:permission="com.google.firebase.auth.api.gms.permission.LAUNCH_FEDERATED_SIGN_IN"
280-->[com.google.firebase:firebase-auth:19.0.0] AndroidManifest.xml:29:13-102
281            android:theme="@android:style/Theme.Translucent.NoTitleBar" />
281-->[com.google.firebase:firebase-auth:19.0.0] AndroidManifest.xml:30:13-72
282
283        <service
283-->[com.google.firebase:firebase-auth:19.0.0] AndroidManifest.xml:33:9-39:19
284            android:name="com.google.firebase.components.ComponentDiscoveryService"
284-->[com.google.firebase:firebase-auth:19.0.0] AndroidManifest.xml:34:13-84
285            android:exported="false" >
285-->[com.google.firebase:firebase-auth:19.0.0] AndroidManifest.xml:35:13-37
286            <meta-data
286-->[com.google.firebase:firebase-auth:19.0.0] AndroidManifest.xml:36:13-38:85
287                android:name="com.google.firebase.components:com.google.firebase.auth.FirebaseAuthRegistrar"